<?xml version="1.0" encoding="UTF-8"?>
<!-- Generated by org.testng.reporters.JUnitReportReporter -->
<testsuite skipped="0" hostname="SUGANYA" name="parallel.RunCucumberTest" tests="5" failures="0" timestamp="2020-10-27T20:27:34 IST" time="0.974" errors="0">
  <testcase name="runScenario" time="0.195" classname="parallel.RunCucumberTest"/>
  <system-out/>
  <testcase name="runScenario" time="0.196" classname="parallel.RunCucumberTest"/>
  <system-out/>
  <testcase name="runScenario" time="0.195" classname="parallel.RunCucumberTest"/>
  <system-out/>
  <testcase name="runScenario" time="0.194" classname="parallel.RunCucumberTest"/>
  <system-out/>
  <testcase name="runScenario" time="0.194" classname="parallel.RunCucumberTest"/>
  <system-out/>
</testsuite> <!-- parallel.RunCucumberTest -->
